[
  {
    "line": 1,
    "elements": [
      {
        "line": 3,
        "name": "User Login In The Web Application",
        "description": "",
        "id": "hotel-booking-in-adactin-application;user-login-in-the-web-application",
        "type": "scenario",
        "keyword": "Scenario",
        "steps": [
          {
            "result": {
              "duration": 15676573980,
              "status": "passed"
            },
            "line": 4,
            "name": "user Launch The Web Application",
            "match": {
              "location": "StepDefinition.user_Launch_The_Web_Application()"
            },
            "keyword": "Given "
          },
          {
            "result": {
              "duration": 96372909,
              "error_message": "org.openqa.selenium.NoSuchWindowException: no such window: target window already closed\nfrom unknown error: web view not found\n  (Session info: chrome\u003d107.0.5304.108)\nBuild info: version: \u00273.141.59\u0027, revision: \u0027e82be7d358\u0027, time: \u00272018-11-14T08:17:03\u0027\nSystem info: host: \u0027DESKTOP-SVGC7SM\u0027, ip: \u0027192.168.29.120\u0027, os.name: \u0027Windows 10\u0027, os.arch: \u0027amd64\u0027, os.version: \u002710.0\u0027, java.version: \u00271.8.0_281\u0027\nDriver info: org.openqa.selenium.chrome.ChromeDriver\nCapabilities {acceptInsecureCerts: false, browserName: chrome, browserVersion: 107.0.5304.108, chrome: {chromedriverVersion: 107.0.5304.62 (1eec40d3a576..., userDataDir: C:\\Users\\karthi\\AppData\\Loc...}, goog:chromeOptions: {debuggerAddress: localhost:51216}, javascriptEnabled: true, networkConnectionEnabled: false, pageLoadStrategy: normal, platform: WINDOWS, platformName: WINDOWS, proxy: Proxy(), setWindowRect: true, strictFileInteractability: false, timeouts: {implicit: 0, pageLoad: 300000, script: 30000}, unhandledPromptBehavior: dismiss and notify, webauthn:extension:credBlob: true, webauthn:extension:largeBlob: true, webauthn:virtualAuthenticators: true}\nSession ID: 1137511f494591e5c5e59bdc4e1f0b02\n*** Element info: {Using\u003did, value\u003dusername}\r\n\tat sun.reflect.NativeConstructorAccessorImpl.newInstance0(Native Method)\r\n\tat sun.reflect.NativeConstructorAccessorImpl.newInstance(Unknown Source)\r\n\tat sun.reflect.DelegatingConstructorAccessorImpl.newInstance(Unknown Source)\r\n\tat java.lang.reflect.Constructor.newInstance(Unknown Source)\r\n\tat org.openqa.selenium.remote.http.W3CHttpResponseCodec.createException(W3CHttpResponseCodec.java:187)\r\n\tat org.openqa.selenium.remote.http.W3CHttpResponseCodec.decode(W3CHttpResponseCodec.java:122)\r\n\tat org.openqa.selenium.remote.http.W3CHttpResponseCodec.decode(W3CHttpResponseCodec.java:49)\r\n\tat org.openqa.selenium.remote.HttpCommandExecutor.execute(HttpCommandExecutor.java:158)\r\n\tat org.openqa.selenium.remote.service.DriverCommandExecutor.execute(DriverCommandExecutor.java:83)\r\n\tat org.openqa.selenium.remote.RemoteWebDriver.execute(RemoteWebDriver.java:552)\r\n\tat org.openqa.selenium.remote.RemoteWebDriver.findElement(RemoteWebDriver.java:323)\r\n\tat org.openqa.selenium.remote.RemoteWebDriver.findElementById(RemoteWebDriver.java:372)\r\n\tat org.openqa.selenium.By$ById.findElement(By.java:188)\r\n\tat org.openqa.selenium.remote.RemoteWebDriver.findElement(RemoteWebDriver.java:315)\r\n\tat com.adactin.stepdefinition.StepDefinition.user_Enter_The_Username_In_Username_Field(StepDefinition.java:25)\r\n\tat ✽.When user Enter The Username In Username Field(C:/Users/karthi/eclipse-workspace/Adactin_Practice_Example/src/test/java/com/adactin/feature/Adactin.feature:5)\r\n",
              "status": "failed"
            },
            "line": 5,
            "name": "user Enter The Username In Username Field",
            "match": {
              "location": "StepDefinition.user_Enter_The_Username_In_Username_Field()"
            },
            "keyword": "When "
          },
          {
            "result": {
              "status": "skipped"
            },
            "line": 6,
            "name": "user Enter The Password In Password Field",
            "match": {
              "location": "StepDefinition.user_Enter_The_Password_In_Password_Field()"
            },
            "keyword": "And "
          },
          {
            "result": {
              "status": "skipped"
            },
            "line": 7,
            "name": "user Click The Login Button And It Navigate To Search Hotel",
            "match": {
              "location": "StepDefinition.user_Click_The_Login_Button_And_It_Navigate_To_Search_Hotel()"
            },
            "keyword": "Then "
          }
        ]
      },
      {
        "line": 9,
        "name": "User Search Hotel In Search Hotel Page",
        "description": "",
        "id": "hotel-booking-in-adactin-application;user-search-hotel-in-search-hotel-page",
        "type": "scenario",
        "keyword": "Scenario",
        "steps": [
          {
            "result": {
              "duration": 15724282,
              "error_message": "org.openqa.selenium.NoSuchWindowException: no such window: target window already closed\nfrom unknown error: web view not found\n  (Session info: chrome\u003d107.0.5304.108)\nBuild info: version: \u00273.141.59\u0027, revision: \u0027e82be7d358\u0027, time: \u00272018-11-14T08:17:03\u0027\nSystem info: host: \u0027DESKTOP-SVGC7SM\u0027, ip: \u0027192.168.29.120\u0027, os.name: \u0027Windows 10\u0027, os.arch: \u0027amd64\u0027, os.version: \u002710.0\u0027, java.version: \u00271.8.0_281\u0027\nDriver info: org.openqa.selenium.chrome.ChromeDriver\nCapabilities {acceptInsecureCerts: false, browserName: chrome, browserVersion: 107.0.5304.108, chrome: {chromedriverVersion: 107.0.5304.62 (1eec40d3a576..., userDataDir: C:\\Users\\karthi\\AppData\\Loc...}, goog:chromeOptions: {debuggerAddress: localhost:51216}, javascriptEnabled: true, networkConnectionEnabled: false, pageLoadStrategy: normal, platform: WINDOWS, platformName: WINDOWS, proxy: Proxy(), setWindowRect: true, strictFileInteractability: false, timeouts: {implicit: 0, pageLoad: 300000, script: 30000}, unhandledPromptBehavior: dismiss and notify, webauthn:extension:credBlob: true, webauthn:extension:largeBlob: true, webauthn:virtualAuthenticators: true}\nSession ID: 1137511f494591e5c5e59bdc4e1f0b02\n*** Element info: {Using\u003dxpath, value\u003d//td[@align\u003d\u0027right\u0027]//following::select[@id\u003d\u0027location\u0027]}\r\n\tat sun.reflect.NativeConstructorAccessorImpl.newInstance0(Native Method)\r\n\tat sun.reflect.NativeConstructorAccessorImpl.newInstance(Unknown Source)\r\n\tat sun.reflect.DelegatingConstructorAccessorImpl.newInstance(Unknown Source)\r\n\tat java.lang.reflect.Constructor.newInstance(Unknown Source)\r\n\tat org.openqa.selenium.remote.http.W3CHttpResponseCodec.createException(W3CHttpResponseCodec.java:187)\r\n\tat org.openqa.selenium.remote.http.W3CHttpResponseCodec.decode(W3CHttpResponseCodec.java:122)\r\n\tat org.openqa.selenium.remote.http.W3CHttpResponseCodec.decode(W3CHttpResponseCodec.java:49)\r\n\tat org.openqa.selenium.remote.HttpCommandExecutor.execute(HttpCommandExecutor.java:158)\r\n\tat org.openqa.selenium.remote.service.DriverCommandExecutor.execute(DriverCommandExecutor.java:83)\r\n\tat org.openqa.selenium.remote.RemoteWebDriver.execute(RemoteWebDriver.java:552)\r\n\tat org.openqa.selenium.remote.RemoteWebDriver.findElement(RemoteWebDriver.java:323)\r\n\tat org.openqa.selenium.remote.RemoteWebDriver.findElementByXPath(RemoteWebDriver.java:428)\r\n\tat org.openqa.selenium.By$ByXPath.findElement(By.java:353)\r\n\tat org.openqa.selenium.remote.RemoteWebDriver.findElement(RemoteWebDriver.java:315)\r\n\tat com.adactin.stepdefinition.StepDefinition.user_Select_The_Location_In_Select_Location_DropDown(StepDefinition.java:38)\r\n\tat ✽.When user Select The Location In Select Location DropDown(C:/Users/karthi/eclipse-workspace/Adactin_Practice_Example/src/test/java/com/adactin/feature/Adactin.feature:10)\r\n",
              "status": "failed"
            },
            "line": 10,
            "name": "user Select The Location In Select Location DropDown",
            "match": {
              "location": "StepDefinition.user_Select_The_Location_In_Select_Location_DropDown()"
            },
            "keyword": "When "
          },
          {
            "result": {
              "status": "skipped"
            },
            "line": 11,
            "name": "user Select The Hotel In Select Hotel DropDown",
            "match": {
              "location": "StepDefinition.user_Select_The_Hotel_In_Select_Hotel_DropDown()"
            },
            "keyword": "And "
          },
          {
            "result": {
              "status": "skipped"
            },
            "line": 12,
            "name": "user Select The Room Type In Select Room Type Dropdown",
            "match": {
              "location": "StepDefinition.user_Select_The_Room_Type_In_Select_Room_Type_Dropdown()"
            },
            "keyword": "And "
          },
          {
            "result": {
              "status": "skipped"
            },
            "line": 13,
            "name": "user Click The Search Button And It Will Navigate To Select Hotel",
            "match": {
              "location": "StepDefinition.user_Click_The_Search_Button_And_It_Will_Navigate_To_Select_Hotel()"
            },
            "keyword": "Then "
          }
        ]
      },
      {
        "line": 15,
        "name": "User Select Hotel In Select Hotel Page",
        "description": "",
        "id": "hotel-booking-in-adactin-application;user-select-hotel-in-select-hotel-page",
        "type": "scenario",
        "keyword": "Scenario",
        "steps": [
          {
            "result": {
              "duration": 20539952,
              "error_message": "org.openqa.selenium.NoSuchWindowException: no such window: target window already closed\nfrom unknown error: web view not found\n  (Session info: chrome\u003d107.0.5304.108)\nBuild info: version: \u00273.141.59\u0027, revision: \u0027e82be7d358\u0027, time: \u00272018-11-14T08:17:03\u0027\nSystem info: host: \u0027DESKTOP-SVGC7SM\u0027, ip: \u0027192.168.29.120\u0027, os.name: \u0027Windows 10\u0027, os.arch: \u0027amd64\u0027, os.version: \u002710.0\u0027, java.version: \u00271.8.0_281\u0027\nDriver info: org.openqa.selenium.chrome.ChromeDriver\nCapabilities {acceptInsecureCerts: false, browserName: chrome, browserVersion: 107.0.5304.108, chrome: {chromedriverVersion: 107.0.5304.62 (1eec40d3a576..., userDataDir: C:\\Users\\karthi\\AppData\\Loc...}, goog:chromeOptions: {debuggerAddress: localhost:51216}, javascriptEnabled: true, networkConnectionEnabled: false, pageLoadStrategy: normal, platform: WINDOWS, platformName: WINDOWS, proxy: Proxy(), setWindowRect: true, strictFileInteractability: false, timeouts: {implicit: 0, pageLoad: 300000, script: 30000}, unhandledPromptBehavior: dismiss and notify, webauthn:extension:credBlob: true, webauthn:extension:largeBlob: true, webauthn:virtualAuthenticators: true}\nSession ID: 1137511f494591e5c5e59bdc4e1f0b02\n*** Element info: {Using\u003did, value\u003dradiobutton_0}\r\n\tat sun.reflect.NativeConstructorAccessorImpl.newInstance0(Native Method)\r\n\tat sun.reflect.NativeConstructorAccessorImpl.newInstance(Unknown Source)\r\n\tat sun.reflect.DelegatingConstructorAccessorImpl.newInstance(Unknown Source)\r\n\tat java.lang.reflect.Constructor.newInstance(Unknown Source)\r\n\tat org.openqa.selenium.remote.http.W3CHttpResponseCodec.createException(W3CHttpResponseCodec.java:187)\r\n\tat org.openqa.selenium.remote.http.W3CHttpResponseCodec.decode(W3CHttpResponseCodec.java:122)\r\n\tat org.openqa.selenium.remote.http.W3CHttpResponseCodec.decode(W3CHttpResponseCodec.java:49)\r\n\tat org.openqa.selenium.remote.HttpCommandExecutor.execute(HttpCommandExecutor.java:158)\r\n\tat org.openqa.selenium.remote.service.DriverCommandExecutor.execute(DriverCommandExecutor.java:83)\r\n\tat org.openqa.selenium.remote.RemoteWebDriver.execute(RemoteWebDriver.java:552)\r\n\tat org.openqa.selenium.remote.RemoteWebDriver.findElement(RemoteWebDriver.java:323)\r\n\tat org.openqa.selenium.remote.RemoteWebDriver.findElementById(RemoteWebDriver.java:372)\r\n\tat org.openqa.selenium.By$ById.findElement(By.java:188)\r\n\tat org.openqa.selenium.remote.RemoteWebDriver.findElement(RemoteWebDriver.java:315)\r\n\tat com.adactin.stepdefinition.StepDefinition.user_Click_The_Hotel_To_Be_Selected(StepDefinition.java:65)\r\n\tat ✽.When user Click The Hotel To Be Selected(C:/Users/karthi/eclipse-workspace/Adactin_Practice_Example/src/test/java/com/adactin/feature/Adactin.feature:16)\r\n",
              "status": "failed"
            },
            "line": 16,
            "name": "user Click The Hotel To Be Selected",
            "match": {
              "location": "StepDefinition.user_Click_The_Hotel_To_Be_Selected()"
            },
            "keyword": "When "
          },
          {
            "result": {
              "status": "skipped"
            },
            "line": 17,
            "name": "user Click The Continue Button And It Will Navigate To Book Hotel",
            "match": {
              "location": "StepDefinition.user_Click_The_Continue_Button_And_It_Will_Navigate_To_Book_Hotel()"
            },
            "keyword": "Then "
          }
        ]
      },
      {
        "line": 19,
        "name": "User Book The Hotel In Book A Hotel Page",
        "description": "",
        "id": "hotel-booking-in-adactin-application;user-book-the-hotel-in-book-a-hotel-page",
        "type": "scenario",
        "keyword": "Scenario",
        "steps": [
          {
            "result": {
              "duration": 27668560,
              "error_message": "org.openqa.selenium.NoSuchWindowException: no such window: target window already closed\nfrom unknown error: web view not found\n  (Session info: chrome\u003d107.0.5304.108)\nBuild info: version: \u00273.141.59\u0027, revision: \u0027e82be7d358\u0027, time: \u00272018-11-14T08:17:03\u0027\nSystem info: host: \u0027DESKTOP-SVGC7SM\u0027, ip: \u0027192.168.29.120\u0027, os.name: \u0027Windows 10\u0027, os.arch: \u0027amd64\u0027, os.version: \u002710.0\u0027, java.version: \u00271.8.0_281\u0027\nDriver info: org.openqa.selenium.chrome.ChromeDriver\nCapabilities {acceptInsecureCerts: false, browserName: chrome, browserVersion: 107.0.5304.108, chrome: {chromedriverVersion: 107.0.5304.62 (1eec40d3a576..., userDataDir: C:\\Users\\karthi\\AppData\\Loc...}, goog:chromeOptions: {debuggerAddress: localhost:51216}, javascriptEnabled: true, networkConnectionEnabled: false, pageLoadStrategy: normal, platform: WINDOWS, platformName: WINDOWS, proxy: Proxy(), setWindowRect: true, strictFileInteractability: false, timeouts: {implicit: 0, pageLoad: 300000, script: 30000}, unhandledPromptBehavior: dismiss and notify, webauthn:extension:credBlob: true, webauthn:extension:largeBlob: true, webauthn:virtualAuthenticators: true}\nSession ID: 1137511f494591e5c5e59bdc4e1f0b02\n*** Element info: {Using\u003did, value\u003dfirst_name}\r\n\tat sun.reflect.NativeConstructorAccessorImpl.newInstance0(Native Method)\r\n\tat sun.reflect.NativeConstructorAccessorImpl.newInstance(Unknown Source)\r\n\tat sun.reflect.DelegatingConstructorAccessorImpl.newInstance(Unknown Source)\r\n\tat java.lang.reflect.Constructor.newInstance(Unknown Source)\r\n\tat org.openqa.selenium.remote.http.W3CHttpResponseCodec.createException(W3CHttpResponseCodec.java:187)\r\n\tat org.openqa.selenium.remote.http.W3CHttpResponseCodec.decode(W3CHttpResponseCodec.java:122)\r\n\tat org.openqa.selenium.remote.http.W3CHttpResponseCodec.decode(W3CHttpResponseCodec.java:49)\r\n\tat org.openqa.selenium.remote.HttpCommandExecutor.execute(HttpCommandExecutor.java:158)\r\n\tat org.openqa.selenium.remote.service.DriverCommandExecutor.execute(DriverCommandExecutor.java:83)\r\n\tat org.openqa.selenium.remote.RemoteWebDriver.execute(RemoteWebDriver.java:552)\r\n\tat org.openqa.selenium.remote.RemoteWebDriver.findElement(RemoteWebDriver.java:323)\r\n\tat org.openqa.selenium.remote.RemoteWebDriver.findElementById(RemoteWebDriver.java:372)\r\n\tat org.openqa.selenium.By$ById.findElement(By.java:188)\r\n\tat org.openqa.selenium.remote.RemoteWebDriver.findElement(RemoteWebDriver.java:315)\r\n\tat com.adactin.stepdefinition.StepDefinition.user_Enter_The_First_Name_In_First_Name_Field(StepDefinition.java:76)\r\n\tat ✽.When user Enter The First Name In First Name Field(C:/Users/karthi/eclipse-workspace/Adactin_Practice_Example/src/test/java/com/adactin/feature/Adactin.feature:20)\r\n",
              "status": "failed"
            },
            "line": 20,
            "name": "user Enter The First Name In First Name Field",
            "match": {
              "location": "StepDefinition.user_Enter_The_First_Name_In_First_Name_Field()"
            },
            "keyword": "When "
          },
          {
            "result": {
              "status": "skipped"
            },
            "line": 21,
            "name": "user Enter The Last Name In Last Name Field",
            "match": {
              "location": "StepDefinition.user_Enter_The_Last_Name_In_Last_Name_Field()"
            },
            "keyword": "And "
          },
          {
            "result": {
              "status": "skipped"
            },
            "line": 22,
            "name": "user Enter The Billing Address In Billing Address field",
            "match": {
              "location": "StepDefinition.user_Enter_The_Billing_Address_In_Billing_Address_field()"
            },
            "keyword": "And "
          },
          {
            "result": {
              "status": "skipped"
            },
            "line": 23,
            "name": "user Enter The Credit Card Number In Credit Card Field",
            "match": {
              "location": "StepDefinition.user_Enter_The_Credit_Card_Number_In_Credit_Card_Field()"
            },
            "keyword": "And "
          },
          {
            "result": {
              "status": "skipped"
            },
            "line": 24,
            "name": "user Select The Credit Card Type",
            "match": {
              "location": "StepDefinition.user_Select_The_Credit_Card_Type()"
            },
            "keyword": "And "
          },
          {
            "result": {
              "status": "skipped"
            },
            "line": 25,
            "name": "user Select The Expire Month",
            "match": {
              "location": "StepDefinition.user_Select_The_Expire_Month()"
            },
            "keyword": "And "
          },
          {
            "result": {
              "status": "skipped"
            },
            "line": 26,
            "name": "user Select The Expire Year",
            "match": {
              "location": "StepDefinition.user_Select_The_Expire_Year()"
            },
            "keyword": "And "
          },
          {
            "result": {
              "status": "skipped"
            },
            "line": 27,
            "name": "user Enter The Cvv Number In Cvv Field",
            "match": {
              "location": "StepDefinition.user_Enter_The_Cvv_Number_In_Cvv_Field()"
            },
            "keyword": "And "
          },
          {
            "result": {
              "status": "skipped"
            },
            "line": 28,
            "name": "user Click The Book Now Button",
            "match": {
              "location": "StepDefinition.user_Click_The_Book_Now_Button()"
            },
            "keyword": "Then "
          }
        ]
      },
      {
        "line": 30,
        "name": "User Confirms The Booking Confirmation Page",
        "description": "",
        "id": "hotel-booking-in-adactin-application;user-confirms-the-booking-confirmation-page",
        "type": "scenario",
        "keyword": "Scenario",
        "steps": [
          {
            "result": {
              "duration": 152349,
              "status": "passed"
            },
            "line": 31,
            "name": "user Logout The Conformation Page",
            "match": {
              "location": "StepDefinition.user_Logout_The_Conformation_Page()"
            },
            "keyword": "Then "
          }
        ]
      }
    ],
    "name": "Hotel Booking In Adactin Application",
    "description": "",
    "id": "hotel-booking-in-adactin-application",
    "keyword": "Feature",
    "uri": "C:/Users/karthi/eclipse-workspace/Adactin_Practice_Example/src/test/java/com/adactin/feature/Adactin.feature"
  }
]